<?xml version="1.0" encoding="UTF-8"?>
<!-- Generated by org.testng.reporters.JUnitReportReporter -->
<testsuite hostname="DESKTOP-1J47CB0" name="screenshot.redBus" tests="1" failures="0" timestamp="21 Aug 2019 05:52:39 GMT" time="57.716" errors="0">
  <testcase name="bookticket" time="57.716" classname="screenshot.redBus"/>
</testsuite> <!-- screenshot.redBus -->
