<?xml version="1.0" encoding="UTF-8"?>
<!-- Generated by org.testng.reporters.JUnitReportReporter -->
<testsuite hostname="DESKTOP-1J47CB0" name="screenshot.mapsOfBluestone" tests="1" failures="0" timestamp="21 Aug 2019 04:31:29 GMT" time="108.916" errors="0">
  <testcase name="mapsImages" time="108.916" classname="screenshot.mapsOfBluestone"/>
</testsuite> <!-- screenshot.mapsOfBluestone -->
